<?xml version="1.0" encoding="UTF-8"?>
<testng-results ignored="0" total="5" passed="4" failed="1" skipped="0">
  <reporter-output>
  </reporter-output>
  <suite started-at="2026-04-19T16:31:03 GMT+02:00" name="Surefire suite" finished-at="2026-04-19T16:35:38 GMT+02:00" duration-ms="275794">
    <groups>
    </groups>
    <test started-at="2026-04-19T16:31:03 GMT+02:00" name="Surefire test" finished-at="2026-04-19T16:35:38 GMT+02:00" duration-ms="275794">
      <class name="tests.CheckoutTest">
        <test-method is-config="true" signature="setUp()[pri:0, instance:tests.CheckoutTest@79b06cab]" started-at="2026-04-19T16:31:03 GMT+02:00" name="setUp" finished-at="2026-04-19T16:31:05 GMT+02:00" duration-ms="1772" status="PASS">
          <reporter-output>
          </reporter-output>
        </test-method> <!-- setUp -->
        <test-method signature="testSearch(java.lang.String,java.lang.String,java.lang.String,int,java.lang.String,int)[pri:0, instance:tests.CheckoutTest@79b06cab]" started-at="2026-04-19T16:31:05 GMT+02:00" name="testSearch" data-provider="checkoutData" finished-at="2026-04-19T16:31:56 GMT+02:00" duration-ms="51437" status="PASS">
          <params>
            <param index="0">
              <value>
                <![CDATA[Guest]]>
              </value>
            </param>
            <param index="1">
              <value>
                <![CDATA[m.hneef@student.aaup.edu]]>
              </value>
            </param>
            <param index="2">
              <value>
                <![CDATA[]]>
              </value>
            </param>
            <param index="3">
              <value>
                <![CDATA[1]]>
              </value>
            </param>
            <param index="4">
              <value>
                <![CDATA[new]]>
              </value>
            </param>
            <param index="5">
              <value>
                <![CDATA[1]]>
              </value>
            </param>
          </params>
          <reporter-output>
          </reporter-output>
        </test-method> <!-- testSearch -->
        <test-method is-config="true" signature="tearDown()[pri:0, instance:tests.CheckoutTest@79b06cab]" started-at="2026-04-19T16:31:56 GMT+02:00" name="tearDown" finished-at="2026-04-19T16:31:57 GMT+02:00" duration-ms="629" status="PASS">
          <reporter-output>
          </reporter-output>
        </test-method> <!-- tearDown -->
        <test-method is-config="true" signature="setUp()[pri:0, instance:tests.CheckoutTest@79b06cab]" started-at="2026-04-19T16:31:57 GMT+02:00" name="setUp" finished-at="2026-04-19T16:31:58 GMT+02:00" duration-ms="1271" status="PASS">
          <reporter-output>
          </reporter-output>
        </test-method> <!-- setUp -->
        <test-method signature="testSearch(java.lang.String,java.lang.String,java.lang.String,int,java.lang.String,int)[pri:0, instance:tests.CheckoutTest@79b06cab]" started-at="2026-04-19T16:31:58 GMT+02:00" name="testSearch" data-provider="checkoutData" finished-at="2026-04-19T16:32:44 GMT+02:00" duration-ms="46230" status="PASS">
          <params>
            <param index="0">
              <value>
                <![CDATA[Registered]]>
              </value>
            </param>
            <param index="1">
              <value>
                <![CDATA[m.hneef@student.aaup.edu]]>
              </value>
            </param>
            <param index="2">
              <value>
                <![CDATA[Mi@12345678]]>
              </value>
            </param>
            <param index="3">
              <value>
                <![CDATA[1]]>
              </value>
            </param>
            <param index="4">
              <value>
                <![CDATA[saved]]>
              </value>
            </param>
            <param index="5">
              <value>
                <![CDATA[2]]>
              </value>
            </param>
          </params>
          <reporter-output>
          </reporter-output>
        </test-method> <!-- testSearch -->
        <test-method is-config="true" signature="tearDown()[pri:0, instance:tests.CheckoutTest@79b06cab]" started-at="2026-04-19T16:32:44 GMT+02:00" name="tearDown" finished-at="2026-04-19T16:32:45 GMT+02:00" duration-ms="730" status="PASS">
          <reporter-output>
          </reporter-output>
        </test-method> <!-- tearDown -->
        <test-method is-config="true" signature="setUp()[pri:0, instance:tests.CheckoutTest@79b06cab]" started-at="2026-04-19T16:32:45 GMT+02:00" name="setUp" finished-at="2026-04-19T16:32:46 GMT+02:00" duration-ms="1265" status="PASS">
          <reporter-output>
          </reporter-output>
        </test-method> <!-- setUp -->
        <test-method signature="testSearch(java.lang.String,java.lang.String,java.lang.String,int,java.lang.String,int)[pri:0, instance:tests.CheckoutTest@79b06cab]" started-at="2026-04-19T16:32:46 GMT+02:00" name="testSearch" data-provider="checkoutData" finished-at="2026-04-19T16:34:00 GMT+02:00" duration-ms="73504" status="PASS">
          <params>
            <param index="0">
              <value>
                <![CDATA[Registered]]>
              </value>
            </param>
            <param index="1">
              <value>
                <![CDATA[m.hneef@student.aaup.edu]]>
              </value>
            </param>
            <param index="2">
              <value>
                <![CDATA[Mi@12345678]]>
              </value>
            </param>
            <param index="3">
              <value>
                <![CDATA[4]]>
              </value>
            </param>
            <param index="4">
              <value>
                <![CDATA[saved]]>
              </value>
            </param>
            <param index="5">
              <value>
                <![CDATA[3]]>
              </value>
            </param>
          </params>
          <reporter-output>
          </reporter-output>
        </test-method> <!-- testSearch -->
        <test-method is-config="true" signature="tearDown()[pri:0, instance:tests.CheckoutTest@79b06cab]" started-at="2026-04-19T16:34:00 GMT+02:00" name="tearDown" finished-at="2026-04-19T16:34:01 GMT+02:00" duration-ms="693" status="PASS">
          <reporter-output>
          </reporter-output>
        </test-method> <!-- tearDown -->
        <test-method is-config="true" signature="setUp()[pri:0, instance:tests.CheckoutTest@79b06cab]" started-at="2026-04-19T16:34:01 GMT+02:00" name="setUp" finished-at="2026-04-19T16:34:02 GMT+02:00" duration-ms="1222" status="PASS">
          <reporter-output>
          </reporter-output>
        </test-method> <!-- setUp -->
        <test-method signature="testSearch(java.lang.String,java.lang.String,java.lang.String,int,java.lang.String,int)[pri:0, instance:tests.CheckoutTest@79b06cab]" started-at="2026-04-19T16:34:02 GMT+02:00" name="testSearch" data-provider="checkoutData" finished-at="2026-04-19T16:34:37 GMT+02:00" duration-ms="35158" status="FAIL">
          <params>
            <param index="0">
              <value>
                <![CDATA[Registered]]>
              </value>
            </param>
            <param index="1">
              <value>
                <![CDATA[m.hneef@student.aaup.edu]]>
              </value>
            </param>
            <param index="2">
              <value>
                <![CDATA[Mi@12345678]]>
              </value>
            </param>
            <param index="3">
              <value>
                <![CDATA[1]]>
              </value>
            </param>
            <param index="4">
              <value>
                <![CDATA[new]]>
              </value>
            </param>
            <param index="5">
              <value>
                <![CDATA[4]]>
              </value>
            </param>
          </params>
          <exception class="org.openqa.selenium.TimeoutException">
            <message>
              <![CDATA[Expected condition failed: waiting for element to be clickable: By.cssSelector: button.u-w-sm-100.save-btn.btn.btn-primary (tried for 10 second(s) with 500 milliseconds interval)
Build info: version: '4.18.1', revision: 'b1d3319b48'
System info: os.name: 'Windows 10', os.arch: 'amd64', os.version: '10.0', java.version: '19.0.1'
Driver info: org.openqa.selenium.chrome.ChromeDriver
Capabilities {acceptInsecureCerts: false, browserName: chrome, browserVersion: 147.0.7727.101, chrome: {chromedriverVersion: 147.0.7727.57 (b4f28b5637d0..., userDataDir: C:\Users\2022\AppData\Local...}, fedcm:accounts: true, goog:chromeOptions: {debuggerAddress: localhost:54234}, goog:processID: 21284, networkConnectionEnabled: false, pageLoadStrategy: normal, platformName: windows, proxy: Proxy(), se:cdp: ws://localhost:54234/devtoo..., se:cdpVersion: 147.0.7727.101, setWindowRect: true, strictFileInteractability: false, timeouts: {implicit: 0, pageLoad: 300000, script: 30000}, unhandledPromptBehavior: dismiss and notify, webauthn:extension:credBlob: true, webauthn:extension:largeBlob: true, webauthn:extension:minPinLength: true, webauthn:extension:prf: true, webauthn:virtualAuthenticators: true}
Session ID: b2296156441269678353f1b0167b3774]]>
            </message>
            <full-stacktrace>
              <![CDATA[org.openqa.selenium.TimeoutException: Expected condition failed: waiting for element to be clickable: By.cssSelector: button.u-w-sm-100.save-btn.btn.btn-primary (tried for 10 second(s) with 500 milliseconds interval)
Build info: version: '4.18.1', revision: 'b1d3319b48'
System info: os.name: 'Windows 10', os.arch: 'amd64', os.version: '10.0', java.version: '19.0.1'
Driver info: org.openqa.selenium.chrome.ChromeDriver
Capabilities {acceptInsecureCerts: false, browserName: chrome, browserVersion: 147.0.7727.101, chrome: {chromedriverVersion: 147.0.7727.57 (b4f28b5637d0..., userDataDir: C:\Users\2022\AppData\Local...}, fedcm:accounts: true, goog:chromeOptions: {debuggerAddress: localhost:54234}, goog:processID: 21284, networkConnectionEnabled: false, pageLoadStrategy: normal, platformName: windows, proxy: Proxy(), se:cdp: ws://localhost:54234/devtoo..., se:cdpVersion: 147.0.7727.101, setWindowRect: true, strictFileInteractability: false, timeouts: {implicit: 0, pageLoad: 300000, script: 30000}, unhandledPromptBehavior: dismiss and notify, webauthn:extension:credBlob: true, webauthn:extension:largeBlob: true, webauthn:extension:minPinLength: true, webauthn:extension:prf: true, webauthn:virtualAuthenticators: true}
Session ID: b2296156441269678353f1b0167b3774
at org.openqa.selenium.support.ui.WebDriverWait.timeoutException(WebDriverWait.java:84)
at org.openqa.selenium.support.ui.FluentWait.until(FluentWait.java:228)
at pages.PaymentPage.EnterNewAddress(PaymentPage.java:22)
at tests.CheckoutTest.testSearch(CheckoutTest.java:62)
at java.base/jdk.internal.reflect.DirectMethodHandleAccessor.invoke(DirectMethodHandleAccessor.java:104)
at java.base/java.lang.reflect.Method.invoke(Method.java:578)
at org.testng.internal.invokers.MethodInvocationHelper.invokeMethod(MethodInvocationHelper.java:139)
at org.testng.internal.invokers.TestInvoker.invokeMethod(TestInvoker.java:664)
at org.testng.internal.invokers.TestInvoker.invokeTestMethod(TestInvoker.java:228)
at org.testng.internal.invokers.MethodRunner.runInSequence(MethodRunner.java:63)
at org.testng.internal.invokers.TestInvoker$MethodInvocationAgent.invoke(TestInvoker.java:961)
at org.testng.internal.invokers.TestInvoker.invokeTestMethods(TestInvoker.java:201)
at org.testng.internal.invokers.TestMethodWorker.invokeTestMethods(TestMethodWorker.java:148)
at org.testng.internal.invokers.TestMethodWorker.run(TestMethodWorker.java:128)
at java.base/java.util.ArrayList.forEach(ArrayList.java:1511)
at org.testng.TestRunner.privateRun(TestRunner.java:819)
at org.testng.TestRunner.run(TestRunner.java:619)
at org.testng.SuiteRunner.runTest(SuiteRunner.java:443)
at org.testng.SuiteRunner.runSequentially(SuiteRunner.java:437)
at org.testng.SuiteRunner.privateRun(SuiteRunner.java:397)
at org.testng.SuiteRunner.run(SuiteRunner.java:336)
at org.testng.SuiteRunnerWorker.runSuite(SuiteRunnerWorker.java:52)
at org.testng.SuiteRunnerWorker.run(SuiteRunnerWorker.java:95)
at org.testng.TestNG.runSuitesSequentially(TestNG.java:1301)
at org.testng.TestNG.runSuitesLocally(TestNG.java:1228)
at org.testng.TestNG.runSuites(TestNG.java:1134)
at org.testng.TestNG.run(TestNG.java:1101)
at org.apache.maven.surefire.testng.TestNGExecutor.run(TestNGExecutor.java:155)
at org.apache.maven.surefire.testng.TestNGDirectoryTestSuite.executeMulti(TestNGDirectoryTestSuite.java:169)
at org.apache.maven.surefire.testng.TestNGDirectoryTestSuite.execute(TestNGDirectoryTestSuite.java:88)
at org.apache.maven.surefire.testng.TestNGProvider.invoke(TestNGProvider.java:137)
at org.apache.maven.surefire.booter.ForkedBooter.runSuitesInProcess(ForkedBooter.java:385)
at org.apache.maven.surefire.booter.ForkedBooter.execute(ForkedBooter.java:162)
at org.apache.maven.surefire.booter.ForkedBooter.run(ForkedBooter.java:507)
at org.apache.maven.surefire.booter.ForkedBooter.main(ForkedBooter.java:495)
]]>
            </full-stacktrace>
          </exception> <!-- org.openqa.selenium.TimeoutException -->
          <reporter-output>
          </reporter-output>
        </test-method> <!-- testSearch -->
        <test-method is-config="true" signature="tearDown()[pri:0, instance:tests.CheckoutTest@79b06cab]" started-at="2026-04-19T16:34:37 GMT+02:00" name="tearDown" finished-at="2026-04-19T16:34:38 GMT+02:00" duration-ms="612" status="PASS">
          <reporter-output>
          </reporter-output>
        </test-method> <!-- tearDown -->
        <test-method is-config="true" signature="setUp()[pri:0, instance:tests.CheckoutTest@79b06cab]" started-at="2026-04-19T16:34:38 GMT+02:00" name="setUp" finished-at="2026-04-19T16:34:39 GMT+02:00" duration-ms="990" status="PASS">
          <reporter-output>
          </reporter-output>
        </test-method> <!-- setUp -->
        <test-method signature="testSearch(java.lang.String,java.lang.String,java.lang.String,int,java.lang.String,int)[pri:0, instance:tests.CheckoutTest@79b06cab]" started-at="2026-04-19T16:34:39 GMT+02:00" name="testSearch" data-provider="checkoutData" finished-at="2026-04-19T16:35:38 GMT+02:00" duration-ms="59104" status="PASS">
          <params>
            <param index="0">
              <value>
                <![CDATA[Guest]]>
              </value>
            </param>
            <param index="1">
              <value>
                <![CDATA[m.hneef@student.aaup.edu]]>
              </value>
            </param>
            <param index="2">
              <value>
                <![CDATA[]]>
              </value>
            </param>
            <param index="3">
              <value>
                <![CDATA[2]]>
              </value>
            </param>
            <param index="4">
              <value>
                <![CDATA[new]]>
              </value>
            </param>
            <param index="5">
              <value>
                <![CDATA[5]]>
              </value>
            </param>
          </params>
          <reporter-output>
          </reporter-output>
        </test-method> <!-- testSearch -->
        <test-method is-config="true" signature="tearDown()[pri:0, instance:tests.CheckoutTest@79b06cab]" started-at="2026-04-19T16:35:38 GMT+02:00" name="tearDown" finished-at="2026-04-19T16:35:38 GMT+02:00" duration-ms="610" status="PASS">
          <reporter-output>
          </reporter-output>
        </test-method> <!-- tearDown -->
      </class> <!-- tests.CheckoutTest -->
    </test> <!-- Surefire test -->
  </suite> <!-- Surefire suite -->
</testng-results>
