<?xml version="1.0" encoding="UTF-8"?>
<testng-results ignored="0" total="3" passed="3" failed="0" skipped="0">
  <reporter-output>
  </reporter-output>
  <suite started-at="2026-04-09T15:09:24 GMT+02:00" name="Default suite" finished-at="2026-04-09T15:09:45 GMT+02:00" duration-ms="21570">
    <groups>
    </groups>
    <test started-at="2026-04-09T15:09:24 GMT+02:00" name="Default test" finished-at="2026-04-09T15:09:45 GMT+02:00" duration-ms="21570">
      <class name="tests.LoginTest">
        <test-method is-config="true" signature="setUp()[pri:0, instance:tests.LoginTest@6c6cb480]" started-at="2026-04-09T15:09:24 GMT+02:00" name="setUp" finished-at="2026-04-09T15:09:26 GMT+02:00" duration-ms="1925" status="PASS">
          <reporter-output>
          </reporter-output>
        </test-method> <!-- setUp -->
        <test-method signature="testLogin(java.lang.String,java.lang.String,int)[pri:0, instance:tests.LoginTest@6c6cb480]" started-at="2026-04-09T15:09:26 GMT+02:00" name="testLogin" data-provider="loginData" finished-at="2026-04-09T15:09:34 GMT+02:00" duration-ms="8699" status="PASS">
          <params>
            <param index="0">
              <value>
                <![CDATA[misk haneef]]>
              </value>
            </param>
            <param index="1">
              <value>
                <![CDATA[]]>
              </value>
            </param>
            <param index="2">
              <value>
                <![CDATA[1]]>
              </value>
            </param>
          </params>
          <reporter-output>
          </reporter-output>
        </test-method> <!-- testLogin -->
        <test-method signature="testLogin(java.lang.String,java.lang.String,int)[pri:0, instance:tests.LoginTest@6c6cb480]" started-at="2026-04-09T15:09:34 GMT+02:00" name="testLogin" data-provider="loginData" finished-at="2026-04-09T15:09:40 GMT+02:00" duration-ms="5548" status="PASS">
          <params>
            <param index="0">
              <value>
                <![CDATA[m.hneef@student.aaup.edu]]>
              </value>
            </param>
            <param index="1">
              <value>
                <![CDATA[Mi12345678]]>
              </value>
            </param>
            <param index="2">
              <value>
                <![CDATA[2]]>
              </value>
            </param>
          </params>
          <reporter-output>
          </reporter-output>
        </test-method> <!-- testLogin -->
        <test-method signature="testLogin(java.lang.String,java.lang.String,int)[pri:0, instance:tests.LoginTest@6c6cb480]" started-at="2026-04-09T15:09:40 GMT+02:00" name="testLogin" data-provider="loginData" finished-at="2026-04-09T15:09:45 GMT+02:00" duration-ms="5063" status="PASS">
          <params>
            <param index="0">
              <value>
                <![CDATA[m.hneef@student.aaup.edu]]>
              </value>
            </param>
            <param index="1">
              <value>
                <![CDATA[Mi@12345678]]>
              </value>
            </param>
            <param index="2">
              <value>
                <![CDATA[3]]>
              </value>
            </param>
          </params>
          <reporter-output>
          </reporter-output>
        </test-method> <!-- testLogin -->
        <test-method is-config="true" signature="tearDown()[pri:0, instance:tests.LoginTest@6c6cb480]" started-at="2026-04-09T15:09:45 GMT+02:00" name="tearDown" finished-at="2026-04-09T15:09:45 GMT+02:00" duration-ms="302" status="PASS">
          <reporter-output>
          </reporter-output>
        </test-method> <!-- tearDown -->
      </class> <!-- tests.LoginTest -->
    </test> <!-- Default test -->
  </suite> <!-- Default suite -->
</testng-results>
