<?xml version="1.0" encoding="UTF-8"?>
<!-- Generated by org.testng.reporters.JUnitReportReporter -->
<testsuite hostname="DESKTOP-LDPFVSQ" failures="0" tests="3" name="tests.CheckoutTest" time="209.056" errors="0" timestamp="2026-04-19T14:47:02 GMT+02:00" skipped="0">
  <testcase classname="tests.CheckoutTest" name="testSearch" time="90.559"/>
  <testcase classname="tests.CheckoutTest" name="testSearch" time="59.380"/>
  <testcase classname="tests.CheckoutTest" name="testSearch" time="59.117"/>
</testsuite> <!-- tests.CheckoutTest -->
