<?xml version="1.0" encoding="UTF-8"?>
<!-- Generated by org.testng.reporters.JUnitReportReporter -->
<testsuite hostname="DESKTOP-LDPFVSQ" failures="0" tests="5" name="tests.CheckoutTest" time="334.401" errors="0" timestamp="2026-04-20T10:26:13 GMT+02:00" skipped="0">
  <testcase classname="tests.CheckoutTest" name="testSearch" time="65.609"/>
  <testcase classname="tests.CheckoutTest" name="testSearch" time="50.973"/>
  <testcase classname="tests.CheckoutTest" name="testSearch" time="54.761"/>
  <testcase classname="tests.CheckoutTest" name="testSearch" time="70.289"/>
  <testcase classname="tests.CheckoutTest" name="testSearch" time="92.769"/>
</testsuite> <!-- tests.CheckoutTest -->
