<?xml version="1.0" encoding="UTF-8"?>
<!-- Generated by org.testng.reporters.JUnitReportReporter -->
<testsuite hostname="DESKTOP-LDPFVSQ" failures="0" tests="3" name="tests.LoginTest" time="19.310" errors="0" timestamp="2026-04-09T15:09:45 GMT+02:00" skipped="0">
  <testcase classname="tests.LoginTest" name="testLogin" time="5.063"/>
  <testcase classname="tests.LoginTest" name="testLogin" time="5.548"/>
  <testcase classname="tests.LoginTest" name="testLogin" time="8.699"/>
</testsuite> <!-- tests.LoginTest -->
